<?xml version="1.0" encoding="UTF-8"?>
<!-- Generated by org.testng.reporters.JUnitReportReporter -->
<testsuite hostname="MacBook-Pro-de-Lucas.local" failures="0" tests="1" name="com.herokuapp.theinternet.ExceptionTests" time="13.467" errors="0" timestamp="2020-05-07T14:33:12 ART" skipped="0">
  <testcase classname="com.herokuapp.theinternet.ExceptionTests" name="noSuchElementTest" time="13.467"/>
</testsuite> <!-- com.herokuapp.theinternet.ExceptionTests -->
