<?xml version="1.0" encoding="UTF-8"?>
<!-- Generated by org.testng.reporters.JUnitReportReporter -->
<testsuite hostname="MacBook-Pro-de-Lucas.local" failures="0" tests="2" name="com.herokuapp.theinternet.NegativeUserNameTest" time="14.006" errors="0" timestamp="2020-03-09T16:33:34 ART" skipped="0">
  <testcase classname="com.herokuapp.theinternet.NegativeUserNameTest" name="negativeLoginTest" time="4.234"/>
  <testcase classname="com.herokuapp.theinternet.NegativeUserNameTest" name="negativeLoginTest" time="9.772"/>
</testsuite> <!-- com.herokuapp.theinternet.NegativeUserNameTest -->
